-------------------------------------------------------------------------------
Test set: com.tiendagenerica.tienda.TiendaApplicationTests
-------------------------------------------------------------------------------
Tests run: 1, Failures: 0, Errors: 1, Skipped: 0, Time elapsed: 0.399 s <<< FAILURE! - in com.tiendagenerica.tienda.TiendaApplicationTests
com.tiendagenerica.tienda.TiendaApplicationTests  Time elapsed: 0.397 s  <<< ERROR!
java.lang.IllegalStateException: Unable to find a @SpringBootConfiguration, you need to use @ContextConfiguration or @SpringBootTest(classes=...) with your test

